<?xml version="1.0" encoding="UTF-8"?>
<!-- Generated by org.testng.reporters.JUnitReportReporter -->
<testsuite skipped="0" hostname="LAPTOP-FI9DF5LQ" name="Practice.SeleniumTest" tests="2" failures="0" timestamp="2021-06-10T01:58:19 IST" time="0.003" errors="0">
  <testcase name="Sel1" time="0.003" classname="Practice.SeleniumTest"/>
  <system-out/>
  <testcase name="Sel2" time="0.000" classname="Practice.SeleniumTest"/>
  <system-out/>
</testsuite> <!-- Practice.SeleniumTest -->
