<?xml version="1.0" encoding="UTF-8"?>
<!-- Generated by org.testng.reporters.JUnitReportReporter -->
<testsuite skipped="0" hostname="LAPTOP-FI9DF5LQ" name="Practice.AppiumTest" tests="2" failures="0" timestamp="2021-06-10T01:58:08 IST" time="0.002" errors="0">
  <testcase name="Apm1" time="0.001" classname="Practice.AppiumTest"/>
  <system-out/>
  <testcase name="Apm2" time="0.001" classname="Practice.AppiumTest"/>
  <system-out/>
</testsuite> <!-- Practice.AppiumTest -->
